<?xml version="1.0" encoding="UTF-8"?>
<testng-results ignored="0" total="1" passed="1" failed="0" skipped="0">
  <reporter-output>
  </reporter-output>
  <suite started-at="2022-02-01T19:30:12 IST" name="Default suite" finished-at="2022-02-01T19:30:56 IST" duration-ms="44750">
    <groups>
    </groups>
    <test started-at="2022-02-01T19:30:12 IST" name="Default test" finished-at="2022-02-01T19:30:56 IST" duration-ms="44750">
      <class name="testCases.LoginApp">
        <test-method signature="Login()[pri:0, instance:testCases.LoginApp@50b472aa]" started-at="2022-02-01T19:30:12 IST" name="Login" finished-at="2022-02-01T19:30:56 IST" duration-ms="44722" status="PASS">
          <reporter-output>
          </reporter-output>
        </test-method> <!-- Login -->
      </class> <!-- testCases.LoginApp -->
    </test> <!-- Default test -->
  </suite> <!-- Default suite -->
</testng-results>
